[debug] [2023-12-31T04:52:00.939Z] ----------------------------------------------------------------------
[debug] [2023-12-31T04:52:00.942Z] Command:       /usr/local/bin/node /usr/local/bin/firebase init
[debug] [2023-12-31T04:52:00.943Z] CLI Version:   13.0.2
[debug] [2023-12-31T04:52:00.943Z] Platform:      darwin
[debug] [2023-12-31T04:52:00.943Z] Node Version:  v20.0.0
[debug] [2023-12-31T04:52:00.944Z] Time:          Sun Dec 31 2023 10:22:00 GMT+0530 (India Standard Time)
[debug] [2023-12-31T04:52:00.944Z] ----------------------------------------------------------------------
[debug] 
[debug] [2023-12-31T04:52:00.947Z] >>> [apiv2][query] GET https://firebase-public.firebaseio.com/cli.json [none]
[debug] [2023-12-31T04:52:01.013Z] > command requires scopes: ["email","openid","https://www.googleapis.com/auth/cloudplatformprojects.readonly","https://www.googleapis.com/auth/firebase","https://www.googleapis.com/auth/cloud-platform"]
[debug] [2023-12-31T04:52:01.014Z] > authorizing via signed-in user (sivakumaran.e@gmail.com)
[info] 
     ######## #### ########  ######## ########     ###     ######  ########
     ##        ##  ##     ## ##       ##     ##  ##   ##  ##       ##
     ######    ##  ########  ######   ########  #########  ######  ######
     ##        ##  ##    ##  ##       ##     ## ##     ##       ## ##
     ##       #### ##     ## ######## ########  ##     ##  ######  ########

You're about to initialize a Firebase project in this directory:

  /Users/siva/code_beginner/expense-tracker

[debug] [2023-12-31T04:52:01.923Z] <<< [apiv2][status] GET https://firebase-public.firebaseio.com/cli.json 200
[debug] [2023-12-31T04:52:01.923Z] <<< [apiv2][body] GET https://firebase-public.firebaseio.com/cli.json {"cloudBuildErrorAfter":1594252800000,"cloudBuildWarnAfter":1590019200000,"defaultNode10After":1594252800000,"minVersion":"3.0.5","node8DeploysDisabledAfter":1613390400000,"node8RuntimeDisabledAfter":1615809600000,"node8WarnAfter":1600128000000}
[info] 
=== Project Setup
[info] 
[info] First, let's associate this project directory with a Firebase project.
[info] You can create multiple project aliases by running firebase use --add, 
[info] but for now we'll just set up a default project.
[info] 
[debug] [2023-12-31T04:53:54.443Z] > refreshing access token with scopes: []
[debug] [2023-12-31T04:53:54.444Z] >>> [apiv2][query] POST https://www.googleapis.com/oauth2/v3/token [none]
[debug] [2023-12-31T04:53:54.444Z] >>> [apiv2][body] POST https://www.googleapis.com/oauth2/v3/token [omitted]
[debug] [2023-12-31T04:53:54.841Z] <<< [apiv2][status] POST https://www.googleapis.com/oauth2/v3/token 200
[debug] [2023-12-31T04:53:54.841Z] <<< [apiv2][body] POST https://www.googleapis.com/oauth2/v3/token [omitted]
[debug] [2023-12-31T04:53:54.873Z] >>> [apiv2][query] GET https://firebase.googleapis.com/v1beta1/projects pageSize=100
[debug] [2023-12-31T04:53:55.872Z] <<< [apiv2][status] GET https://firebase.googleapis.com/v1beta1/projects 200
[debug] [2023-12-31T04:53:55.872Z] <<< [apiv2][body] GET https://firebase.googleapis.com/v1beta1/projects [omitted]
[info] i  Using project expense-tracker-b0530 (expense-tracker) 
[info] 
=== Hosting Setup
[debug] [2023-12-31T04:55:08.540Z] >>> [apiv2][query] GET https://firebase.googleapis.com/v1beta1/projects/expense-tracker-b0530 [none]
[debug] [2023-12-31T04:55:09.639Z] <<< [apiv2][status] GET https://firebase.googleapis.com/v1beta1/projects/expense-tracker-b0530 200
[debug] [2023-12-31T04:55:09.640Z] <<< [apiv2][body] GET https://firebase.googleapis.com/v1beta1/projects/expense-tracker-b0530 {"projectId":"expense-tracker-b0530","projectNumber":"776561409941","displayName":"expense-tracker","name":"projects/expense-tracker-b0530","resources":{"hostingSite":"expense-tracker-b0530"},"state":"ACTIVE","etag":"1_fc98f62e-fed9-42fe-a695-1d30cfbbdc00"}
[info] 
[info] Your public directory is the folder (relative to your project directory) that
[info] will contain Hosting assets to be uploaded with firebase deploy. If you
[info] have a build process for your assets, use your build's output directory.
[info] 
[info] ✔  Wrote public/404.html 
[debug] [2023-12-31T04:56:15.265Z] >>> [apiv2][query] GET https://www.gstatic.com/firebasejs/releases.json [none]
[debug] [2023-12-31T04:56:15.609Z] <<< [apiv2][status] GET https://www.gstatic.com/firebasejs/releases.json 200
[debug] [2023-12-31T04:56:15.609Z] <<< [apiv2][body] GET https://www.gstatic.com/firebasejs/releases.json {"current":{"version":"10.7.1","browserURL":"https://www.gstatic.com/firebasejs/10.7.1/firebase.js","packageURL":"https://www.gstatic.com/firebasejs/10.7.1/firebase.tgz"},"live":{"version":"10.7","browserURL":"https://www.gstatic.com/firebasejs/live/10.7/firebase.js","packageURL":"https://www.gstatic.com/firebasejs/live/10.7/firebase.tgz"},"components":{"analytics":"https://www.gstatic.com/firebasejs/10.7.1/firebase-analytics.js","app":"https://www.gstatic.com/firebasejs/10.7.1/firebase-app.js","app-check":"https://www.gstatic.com/firebasejs/10.7.1/firebase-app-check.js","auth":"https://www.gstatic.com/firebasejs/10.7.1/firebase-auth.js","auth/cordova":"https://www.gstatic.com/firebasejs/10.7.1/firebase-auth/cordova.js","functions":"https://www.gstatic.com/firebasejs/10.7.1/firebase-functions.js","firestore":"https://www.gstatic.com/firebasejs/10.7.1/firebase-firestore.js","firestore/lite":"https://www.gstatic.com/firebasejs/10.7.1/firebase-firestore/lite.js","installations":"https://www.gstatic.com/firebasejs/10.7.1/firebase-installations.js","storage":"https://www.gstatic.com/firebasejs/10.7.1/firebase-storage.js","performance":"https://www.gstatic.com/firebasejs/10.7.1/firebase-performance.js","remote-config":"https://www.gstatic.com/firebasejs/10.7.1/firebase-remote-config.js","messaging":"https://www.gstatic.com/firebasejs/10.7.1/firebase-messaging.js","messaging/sw":"https://www.gstatic.com/firebasejs/10.7.1/firebase-messaging/sw.js","database":"https://www.gstatic.com/firebasejs/10.7.1/firebase-database.js","firestore.memory":"https://www.gstatic.com/firebasejs/10.7.1/firebase-firestore.memory.js"}}
[info] i  Skipping write of public/index.html 
[info] 
[info] i  Detected a .git folder at /Users/siva 
[info] i  Authorizing with GitHub to upload your service account to a GitHub repository's secrets store. 
[info] 
[info] Visit this URL on this device to log in:
[info] https://github.com/login/oauth/authorize?client_id=89cf50f02ac6aaed3484&state=505155504&redirect_uri=http%3A%2F%2Flocalhost%3A9005&scope=read%3Auser%20repo%20public_repo
[info] 
[info] Waiting for authentication...
[debug] [2023-12-31T04:58:07.793Z] >>> [apiv2][query] POST https://github.com/login/oauth/access_token [none]
[debug] [2023-12-31T04:58:07.793Z] >>> [apiv2][body] POST https://github.com/login/oauth/access_token [stream]
[debug] [2023-12-31T04:58:08.414Z] <<< [apiv2][status] POST https://github.com/login/oauth/access_token 200
[debug] [2023-12-31T04:58:08.414Z] <<< [apiv2][body] POST https://github.com/login/oauth/access_token {"access_token":"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","token_type":"bearer","scope":"read:user,repo"}
[debug] [2023-12-31T04:58:08.542Z] >>> [apiv2][query] GET https://api.github.com/user [none]
[debug] [2023-12-31T04:58:09.229Z] <<< [apiv2][status] GET https://api.github.com/user 200
[debug] [2023-12-31T04:58:09.229Z] <<< [apiv2][body] GET https://api.github.com/user {"login":"sivak12","id":4541930,"node_id":"MDQ6VXNlcjQ1NDE5MzA=","avatar_url":"https://avatars.githubusercontent.com/u/4541930?v=4","gravatar_id":"","url":"https://api.github.com/users/sivak12","html_url":"https://github.com/sivak12","followers_url":"https://api.github.com/users/sivak12/followers","following_url":"https://api.github.com/users/sivak12/following{/other_user}","gists_url":"https://api.github.com/users/sivak12/gists{/gist_id}","starred_url":"https://api.github.com/users/sivak12/starred{/owner}{/repo}","subscriptions_url":"https://api.github.com/users/sivak12/subscriptions","organizations_url":"https://api.github.com/users/sivak12/orgs","repos_url":"https://api.github.com/users/sivak12/repos","events_url":"https://api.github.com/users/sivak12/events{/privacy}","received_events_url":"https://api.github.com/users/sivak12/received_events","type":"User","site_admin":false,"name":null,"company":null,"blog":"","location":null,"email":null,"hireable":null,"bio":null,"twitter_username":null,"public_repos":37,"public_gists":0,"followers":2,"following":0,"created_at":"2013-05-27T17:14:40Z","updated_at":"2023-12-31T04:57:14Z","private_gists":0,"total_private_repos":0,"owned_private_repos":0,"disk_usage":28527,"collaborators":0,"two_factor_authentication":false,"plan":{"name":"free","space":976562499,"collaborators":0,"private_repos":10000}}
[info] 
[info] ✔  Success! Logged into GitHub as sivak12 
[info] 
